<?xml version="1.0" encoding="UTF-8"?>
<testsuite xmlns:xsi="http://www.w3.org/2001/XMLSchema-instance" xsi:noNamespaceSchemaLocation="https://maven.apache.org/surefire/maven-surefire-plugin/xsd/surefire-test-report-3.0.xsd" version="3.0" name="com.example.kafkaavro.unit.SafeFieldExtractorTest" time="0.099" tests="9" errors="0" skipped="0" failures="0">
  <properties>
[...]
</properties>
  <testcase name="get_nullField_shouldReturnNullWithoutException" classname="com.example.kafkaavro.unit.SafeFieldExtractorTest" time="0.013">
    <system-out><![CDATA[20:34:48.078 [main] INFO org.springframework.test.context.support.AnnotationConfigContextLoaderUtils -- Could not detect default configuration classes for test class [com.example.kafkaavro.unit.SafeFieldExtractorTest]: SafeFieldExtractorTest does not declare any static, non-private, non-final, nested classes annotated with @Configuration.
]]></system-out>
  </testcase>
  <testcase name="getTimestamp_shouldReturnInstant" classname="com.example.kafkaavro.unit.SafeFieldExtractorTest" time="0.006"/>
  <testcase name="getTime_shouldReturnLocalTime" classname="com.example.kafkaavro.unit.SafeFieldExtractorTest" time="0.006"/>
  <testcase name="getNested_shouldReturnWrappedExtractor" classname="com.example.kafkaavro.unit.SafeFieldExtractorTest" time="0.009"/>
  <testcase name="getArray_shouldReturnList" classname="com.example.kafkaavro.unit.SafeFieldExtractorTest" time="0.009"/>
  <testcase name="getOptional_nullField_shouldReturnEmpty" classname="com.example.kafkaavro.unit.SafeFieldExtractorTest" time="0.01"/>
  <testcase name="getOptional_presentField_shouldReturnValue" classname="com.example.kafkaavro.unit.SafeFieldExtractorTest" time="0.004"/>
  <testcase name="getDate_shouldReturnLocalDate" classname="com.example.kafkaavro.unit.SafeFieldExtractorTest" time="0.004"/>
  <testcase name="getDecimal_shouldReturnBigDecimalWithCorrectScale" classname="com.example.kafkaavro.unit.SafeFieldExtractorTest" time="0.013"/>
</testsuite>